                                      1 ;--------------------------------------------------------
                                      2 ; File Created by SDCC : free open source ANSI-C Compiler
                                      3 ; Version 3.5.0 #9253 (Mar 24 2016) (Linux)
                                      4 ; This file was generated Mon Mar 12 12:44:09 2018
                                      5 ;--------------------------------------------------------
                                      6 	.module eeprom
                                      7 	.optsdcc -mstm8
                                      8 	
                                      9 ;--------------------------------------------------------
                                     10 ; Public variables in this module
                                     11 ;--------------------------------------------------------
                                     12 	.globl _eeprom_set_afr0
                                     13 	.globl _eeprom_save_data
                                     14 ;--------------------------------------------------------
                                     15 ; ram data
                                     16 ;--------------------------------------------------------
                                     17 	.area DATA
                                     18 ;--------------------------------------------------------
                                     19 ; ram data
                                     20 ;--------------------------------------------------------
                                     21 	.area INITIALIZED
                                     22 ;--------------------------------------------------------
                                     23 ; absolute external ram data
                                     24 ;--------------------------------------------------------
                                     25 	.area DABS (ABS)
                                     26 ;--------------------------------------------------------
                                     27 ; global & static initialisations
                                     28 ;--------------------------------------------------------
                                     29 	.area HOME
                                     30 	.area GSINIT
                                     31 	.area GSFINAL
                                     32 	.area GSINIT
                                     33 ;--------------------------------------------------------
                                     34 ; Home
                                     35 ;--------------------------------------------------------
                                     36 	.area HOME
                                     37 	.area HOME
                                     38 ;--------------------------------------------------------
                                     39 ; code
                                     40 ;--------------------------------------------------------
                                     41 	.area CODE
                                     42 ;	eeprom.c: 22: static uint8_t eeprom_unlock_data(void)
                                     43 ;	-----------------------------------------
                                     44 ;	 function eeprom_unlock_data
                                     45 ;	-----------------------------------------
      000000                         46 _eeprom_unlock_data:
                                     47 ;	eeprom.c: 24: FLASH_DUKR = 0xAE; // Enable the flash data writing
      000000 35 AE 50 64      [ 1]   48 	mov	0x5064+0, #0xae
                                     49 ;	eeprom.c: 25: FLASH_DUKR = 0x56;
      000004 35 56 50 64      [ 1]   50 	mov	0x5064+0, #0x56
                                     51 ;	eeprom.c: 27: return (FLASH_IAPSR & FLASH_IAPSR_DUL); // True if device unlocked
      000008 AE 50 5F         [ 2]   52 	ldw	x, #0x505f
      00000B F6               [ 1]   53 	ld	a, (x)
      00000C A4 08            [ 1]   54 	and	a, #0x08
      00000E 81               [ 4]   55 	ret
                                     56 ;	eeprom.c: 35: uint8_t eeprom_set_afr0(void)
                                     57 ;	-----------------------------------------
                                     58 ;	 function eeprom_set_afr0
                                     59 ;	-----------------------------------------
      00000F                         60 _eeprom_set_afr0:
      00000F 89               [ 2]   61 	pushw	x
                                     62 ;	eeprom.c: 40: if (!eeprom_unlock_data())
      000010 CDr00r00         [ 4]   63 	call	_eeprom_unlock_data
      000013 4D               [ 1]   64 	tnz	a
      000014 26 03            [ 1]   65 	jrne	00102$
                                     66 ;	eeprom.c: 41: return 0;
      000016 4F               [ 1]   67 	clr	a
      000017 20 50            [ 2]   68 	jra	00111$
      000019                         69 00102$:
                                     70 ;	eeprom.c: 43: FLASH_CR2 = FLASH_CR2_OPT;// Set the OPT bit
      000019 35 80 50 5B      [ 1]   71 	mov	0x505b+0, #0x80
                                     72 ;	eeprom.c: 44: FLASH_NCR2 = ~FLASH_NCR2_NOPT; // Remove the NOPT bit
      00001D 35 7F 50 5C      [ 1]   73 	mov	0x505c+0, #0x7f
                                     74 ;	eeprom.c: 46: OPT2 = 1;
      000021 35 01 48 03      [ 1]   75 	mov	0x4803+0, #0x01
                                     76 ;	eeprom.c: 47: NOPT2 = 0xFE;
      000025 35 FE 48 04      [ 1]   77 	mov	0x4804+0, #0xfe
                                     78 ;	eeprom.c: 48: for (timeout = 0xFFFF; timeout > 0; timeout--) {
      000029 AE FF FF         [ 2]   79 	ldw	x, #0xffff
      00002C 1F 01            [ 2]   80 	ldw	(0x01, sp), x
      00002E AE FF FF         [ 2]   81 	ldw	x, #0xffff
      000031                         82 00109$:
                                     83 ;	eeprom.c: 49: sr = FLASH_IAPSR;
      000031 90 AE 50 5F      [ 2]   84 	ldw	y, #0x505f
      000035 90 F6            [ 1]   85 	ld	a, (y)
                                     86 ;	eeprom.c: 50: if (sr & FLASH_IAPSR_EOP)
      000037 A5 04            [ 1]   87 	bcp	a, #0x04
      000039 26 06            [ 1]   88 	jrne	00105$
                                     89 ;	eeprom.c: 48: for (timeout = 0xFFFF; timeout > 0; timeout--) {
      00003B 5A               [ 2]   90 	decw	x
      00003C 1F 01            [ 2]   91 	ldw	(0x01, sp), x
      00003E 5D               [ 2]   92 	tnzw	x
      00003F 26 F0            [ 1]   93 	jrne	00109$
      000041                         94 00105$:
                                     95 ;	eeprom.c: 54: if (sr & FLASH_IAPSR_WR_PG_DIS)
      000041 44               [ 1]   96 	srl	a
      000042 24 03            [ 1]   97 	jrnc	00107$
                                     98 ;	eeprom.c: 55: timeout = 0; // This will report failure
      000044 5F               [ 1]   99 	clrw	x
      000045 1F 01            [ 2]  100 	ldw	(0x01, sp), x
      000047                        101 00107$:
                                    102 ;	eeprom.c: 57: FLASH_CR2 &= FLASH_CR2_OPT;
      000047 AE 50 5B         [ 2]  103 	ldw	x, #0x505b
      00004A F6               [ 1]  104 	ld	a, (x)
      00004B A4 80            [ 1]  105 	and	a, #0x80
      00004D F7               [ 1]  106 	ld	(x), a
                                    107 ;	eeprom.c: 58: FLASH_NCR2 |= FLASH_NCR2_NOPT;
      00004E 72 1E 50 5C      [ 1]  108 	bset	0x505c, #7
                                    109 ;	eeprom.c: 32: FLASH_IAPSR &= ~FLASH_IAPSR_DUL;
      000052 AE 50 5F         [ 2]  110 	ldw	x, #0x505f
      000055 F6               [ 1]  111 	ld	a, (x)
      000056 A4 F7            [ 1]  112 	and	a, #0xf7
      000058 F7               [ 1]  113 	ld	(x), a
                                    114 ;	eeprom.c: 60: return (timeout > 0) && (OPT2 & 1);
      000059 1E 01            [ 2]  115 	ldw	x, (0x01, sp)
      00005B 27 07            [ 1]  116 	jreq	00115$
      00005D AE 48 03         [ 2]  117 	ldw	x, #0x4803
      000060 F6               [ 1]  118 	ld	a, (x)
      000061 44               [ 1]  119 	srl	a
      000062 25 03            [ 1]  120 	jrc	00116$
      000064                        121 00115$:
      000064 4F               [ 1]  122 	clr	a
      000065 20 02            [ 2]  123 	jra	00117$
      000067                        124 00116$:
      000067 A6 01            [ 1]  125 	ld	a, #0x01
      000069                        126 00117$:
      000069                        127 00111$:
      000069 85               [ 2]  128 	popw	x
      00006A 81               [ 4]  129 	ret
                                    130 ;	eeprom.c: 63: uint8_t eeprom_save_data(uint8_t *dst, uint8_t *src, uint8_t len)
                                    131 ;	-----------------------------------------
                                    132 ;	 function eeprom_save_data
                                    133 ;	-----------------------------------------
      00006B                        134 _eeprom_save_data:
      00006B 52 04            [ 2]  135 	sub	sp, #4
                                    136 ;	eeprom.c: 68: if (!eeprom_unlock_data())
      00006D CDr00r00         [ 4]  137 	call	_eeprom_unlock_data
      000070 6B 04            [ 1]  138 	ld	(0x04, sp), a
      000072 0D 04            [ 1]  139 	tnz	(0x04, sp)
      000074 26 03            [ 1]  140 	jrne	00125$
                                    141 ;	eeprom.c: 69: return 0;
      000076 4F               [ 1]  142 	clr	a
      000077 20 4E            [ 2]  143 	jra	00115$
      000079                        144 00125$:
      000079 7B 0B            [ 1]  145 	ld	a, (0x0b, sp)
      00007B 6B 01            [ 1]  146 	ld	(0x01, sp), a
      00007D 16 07            [ 2]  147 	ldw	y, (0x07, sp)
      00007F 1E 09            [ 2]  148 	ldw	x, (0x09, sp)
      000081                        149 00111$:
                                    150 ;	eeprom.c: 71: for (; len > 0; len--, dst++, src++) {
      000081 0D 01            [ 1]  151 	tnz	(0x01, sp)
      000083 27 0E            [ 1]  152 	jreq	00103$
                                    153 ;	eeprom.c: 72: *dst = *src;
      000085 F6               [ 1]  154 	ld	a, (x)
      000086 90 F7            [ 1]  155 	ld	(y), a
                                    156 ;	eeprom.c: 73: IWDG_KR = 0xAA; // Reset the counter
      000088 35 AA 50 E0      [ 1]  157 	mov	0x50e0+0, #0xaa
                                    158 ;	eeprom.c: 71: for (; len > 0; len--, dst++, src++) {
      00008C 0A 01            [ 1]  159 	dec	(0x01, sp)
      00008E 90 5C            [ 2]  160 	incw	y
      000090 5C               [ 2]  161 	incw	x
      000091 20 EE            [ 2]  162 	jra	00111$
      000093                        163 00103$:
                                    164 ;	eeprom.c: 76: for (timeout = 0xFFFF; timeout > 0; timeout--) {
      000093 AE FF FF         [ 2]  165 	ldw	x, #0xffff
      000096 1F 02            [ 2]  166 	ldw	(0x02, sp), x
      000098 90 AE FF FF      [ 2]  167 	ldw	y, #0xffff
      00009C                        168 00113$:
                                    169 ;	eeprom.c: 77: IWDG_KR = 0xAA; // Reset the counter
      00009C 35 AA 50 E0      [ 1]  170 	mov	0x50e0+0, #0xaa
                                    171 ;	eeprom.c: 78: sr = FLASH_IAPSR;
      0000A0 AE 50 5F         [ 2]  172 	ldw	x, #0x505f
      0000A3 F6               [ 1]  173 	ld	a, (x)
      0000A4 95               [ 1]  174 	ld	xh, a
                                    175 ;	eeprom.c: 79: if (sr & FLASH_IAPSR_EOP)
      0000A5 A5 04            [ 1]  176 	bcp	a, #0x04
      0000A7 26 08            [ 1]  177 	jrne	00106$
                                    178 ;	eeprom.c: 76: for (timeout = 0xFFFF; timeout > 0; timeout--) {
      0000A9 90 5A            [ 2]  179 	decw	y
      0000AB 17 02            [ 2]  180 	ldw	(0x02, sp), y
      0000AD 90 5D            [ 2]  181 	tnzw	y
      0000AF 26 EB            [ 1]  182 	jrne	00113$
      0000B1                        183 00106$:
                                    184 ;	eeprom.c: 83: if (sr & FLASH_IAPSR_WR_PG_DIS)
      0000B1 44               [ 1]  185 	srl	a
      0000B2 24 04            [ 1]  186 	jrnc	00108$
                                    187 ;	eeprom.c: 84: timeout = 0; // This will report failure
      0000B4 0F 03            [ 1]  188 	clr	(0x03, sp)
      0000B6 0F 02            [ 1]  189 	clr	(0x02, sp)
      0000B8                        190 00108$:
                                    191 ;	eeprom.c: 32: FLASH_IAPSR &= ~FLASH_IAPSR_DUL;
      0000B8 9E               [ 1]  192 	ld	a, xh
      0000B9 A4 F7            [ 1]  193 	and	a, #0xf7
      0000BB AE 50 5F         [ 2]  194 	ldw	x, #0x505f
      0000BE F7               [ 1]  195 	ld	(x), a
                                    196 ;	eeprom.c: 87: return (timeout > 0);
      0000BF 1E 02            [ 2]  197 	ldw	x, (0x02, sp)
      0000C1 27 03            [ 1]  198 	jreq	00121$
      0000C3 A6 01            [ 1]  199 	ld	a, #0x01
      0000C5 21                     200 	.byte 0x21
      0000C6                        201 00121$:
      0000C6 4F               [ 1]  202 	clr	a
      0000C7                        203 00122$:
      0000C7                        204 00115$:
      0000C7 5B 04            [ 2]  205 	addw	sp, #4
      0000C9 81               [ 4]  206 	ret
                                    207 	.area CODE
                                    208 	.area INITIALIZER
                                    209 	.area CABS (ABS)
