                                      1 ;--------------------------------------------------------
                                      2 ; File Created by SDCC : free open source ANSI-C Compiler
                                      3 ; Version 3.5.0 #9253 (Mar 24 2016) (Linux)
                                      4 ; This file was generated Mon Mar 12 12:44:10 2018
                                      5 ;--------------------------------------------------------
                                      6 	.module fixedpoint
                                      7 	.optsdcc -mstm8
                                      8 	
                                      9 ;--------------------------------------------------------
                                     10 ; Public variables in this module
                                     11 ;--------------------------------------------------------
                                     12 	.globl _fixed_round
                                     13 ;--------------------------------------------------------
                                     14 ; ram data
                                     15 ;--------------------------------------------------------
                                     16 	.area DATA
                                     17 ;--------------------------------------------------------
                                     18 ; ram data
                                     19 ;--------------------------------------------------------
                                     20 	.area INITIALIZED
                                     21 ;--------------------------------------------------------
                                     22 ; absolute external ram data
                                     23 ;--------------------------------------------------------
                                     24 	.area DABS (ABS)
                                     25 ;--------------------------------------------------------
                                     26 ; global & static initialisations
                                     27 ;--------------------------------------------------------
                                     28 	.area HOME
                                     29 	.area GSINIT
                                     30 	.area GSFINAL
                                     31 	.area GSINIT
                                     32 ;--------------------------------------------------------
                                     33 ; Home
                                     34 ;--------------------------------------------------------
                                     35 	.area HOME
                                     36 	.area HOME
                                     37 ;--------------------------------------------------------
                                     38 ; code
                                     39 ;--------------------------------------------------------
                                     40 	.area CODE
                                     41 ;	fixedpoint.c: 25: uint32_t fixed_round(uint32_t x)
                                     42 ;	-----------------------------------------
                                     43 ;	 function fixed_round
                                     44 ;	-----------------------------------------
      000000                         45 _fixed_round:
                                     46 ;	fixedpoint.c: 29: x >>= FIXED_SHIFT-1;
      000000 16 05            [ 2]   47 	ldw	y, (0x05, sp)
      000002 1E 03            [ 2]   48 	ldw	x, (0x03, sp)
      000004 A6 0F            [ 1]   49 	ld	a, #0x0f
      000006                         50 00103$:
      000006 54               [ 2]   51 	srlw	x
      000007 90 56            [ 2]   52 	rrcw	y
      000009 4A               [ 1]   53 	dec	a
      00000A 26 FA            [ 1]   54 	jrne	00103$
      00000C 17 05            [ 2]   55 	ldw	(0x05, sp), y
      00000E 1F 03            [ 2]   56 	ldw	(0x03, sp), x
                                     57 ;	fixedpoint.c: 31: round = x&1;
      000010 7B 06            [ 1]   58 	ld	a, (0x06, sp)
      000012 A4 01            [ 1]   59 	and	a, #0x01
      000014 95               [ 1]   60 	ld	xh, a
      000015 90 5F            [ 1]   61 	clrw	y
      000017 4F               [ 1]   62 	clr	a
      000018 9E               [ 1]   63 	ld	a, xh
                                     64 ;	fixedpoint.c: 32: x >>= 1;
      000019 16 05            [ 2]   65 	ldw	y, (0x05, sp)
      00001B 1E 03            [ 2]   66 	ldw	x, (0x03, sp)
      00001D 54               [ 2]   67 	srlw	x
      00001E 90 56            [ 2]   68 	rrcw	y
      000020 17 05            [ 2]   69 	ldw	(0x05, sp), y
      000022 1F 03            [ 2]   70 	ldw	(0x03, sp), x
                                     71 ;	fixedpoint.c: 34: return x+round;
      000024 90 97            [ 1]   72 	ld	yl, a
      000026 4F               [ 1]   73 	clr	a
      000027 5F               [ 1]   74 	clrw	x
      000028 90 95            [ 1]   75 	ld	yh, a
      00002A 72 F9 05         [ 2]   76 	addw	y, (0x05, sp)
      00002D 9F               [ 1]   77 	ld	a, xl
      00002E 19 04            [ 1]   78 	adc	a, (0x04, sp)
      000030 02               [ 1]   79 	rlwa	x
      000031 19 03            [ 1]   80 	adc	a, (0x03, sp)
      000033 95               [ 1]   81 	ld	xh, a
      000034 51               [ 1]   82 	exgw	x, y
      000035 81               [ 4]   83 	ret
                                     84 	.area CODE
                                     85 	.area INITIALIZER
                                     86 	.area CABS (ABS)
